<?xml version="1.0" encoding="UTF-8"?>
<!-- Generated by org.testng.reporters.JUnitReportReporter -->
<testsuite hostname="L-013" failures="0" tests="1" name="webApp.workbench.pages.webAppLoginPage" time="12.752" errors="0" timestamp="2021-04-22T14:31:42 PKT" skipped="0">
  <testcase classname="webApp.workbench.pages.webAppLoginPage" name="feature" time="12.752"/>
</testsuite> <!-- webApp.workbench.pages.webAppLoginPage -->
