<?xml version="1.0" encoding="UTF-8"?>
<!-- Generated by org.testng.reporters.JUnitReportReporter -->
<testsuite hostname="L-013" failures="0" tests="1" name="runners.CucumberRunner" time="288.126" errors="0" timestamp="2021-05-26T06:16:43 PKT" skipped="0">
  <testcase classname="runners.CucumberRunner" name="feature" time="288.126"/>
</testsuite> <!-- runners.CucumberRunner -->
